2020-08-12T23:48:02.885+0800	logger/logger.go:322	[GoAdmin] [0;37;44m 200 [0m [0;37;104m GET   [0m /admin/info/shareholder_loan_contract
2020-08-12T23:48:05.744+0800	logger/logger.go:322	[GoAdmin] [0;37;44m 200 [0m [0;37;104m GET   [0m /admin/info/shareholder_loan_contract/edit
2020-08-12T23:48:12.470+0800	logger/logger.go:322	[GoAdmin] [0;37;44m 200 [0m [0;37;104m POST   [0m /admin/edit/shareholder_loan_contract
2020-08-12T23:50:38.532+0800	logger/logger.go:322	[GoAdmin] [0;37;44m 200 [0m [0;37;104m GET   [0m /admin/info/shareholder_loan_contract
2020-08-12T23:50:44.310+0800	logger/logger.go:322	[GoAdmin] [0;37;44m 200 [0m [0;37;104m GET   [0m /admin/info/shareholder_loan_contract/edit
2020-08-12T23:50:53.027+0800	logger/logger.go:322	[GoAdmin] [0;37;44m 200 [0m [0;37;104m POST   [0m /admin/edit/shareholder_loan_contract
2020-08-12T23:54:03.507+0800	logger/logger.go:322	[GoAdmin] [0;37;44m 200 [0m [0;37;104m GET   [0m /admin/info/shareholder_loan_contract
2020-08-12T23:54:07.884+0800	logger/logger.go:322	[GoAdmin] [0;37;44m 200 [0m [0;37;104m GET   [0m /admin/info/shareholder_loan_contract/edit
2020-08-12T23:54:41.024+0800	logger/logger.go:322	[GoAdmin] [0;37;44m 200 [0m [0;37;104m POST   [0m /admin/edit/shareholder_loan_contract
2020-08-12T23:58:24.018+0800	logger/logger.go:322	[GoAdmin] [0;37;44m 200 [0m [0;37;104m GET   [0m /admin/info/shareholder_loan_contract
2020-08-12T23:58:27.411+0800	logger/logger.go:322	[GoAdmin] [0;37;44m 200 [0m [0;37;104m GET   [0m /admin/info/shareholder_loan_contract/edit
2020-08-12T23:59:15.535+0800	logger/logger.go:322	[GoAdmin] [0;37;44m 200 [0m [0;37;104m POST   [0m /admin/edit/shareholder_loan_contract
2020-08-12T23:59:19.805+0800	logger/logger.go:322	[GoAdmin] [0;37;44m 200 [0m [0;37;104m GET   [0m /admin/info/shareholder_loan_contract/detail
2020-08-12T23:59:29.393+0800	logger/logger.go:322	[GoAdmin] [0;37;44m 200 [0m [0;37;104m GET   [0m /admin/info/shareholder_loan_contract/edit
2020-08-13T00:01:06.512+0800	logger/logger.go:322	[GoAdmin] [0;37;44m 200 [0m [0;37;104m GET   [0m /admin/info/shareholder_loan_contract
2020-08-13T00:01:09.546+0800	logger/logger.go:322	[GoAdmin] [0;37;44m 200 [0m [0;37;104m GET   [0m /admin/info/shareholder_loan_contract/edit
2020-08-13T00:01:24.534+0800	logger/logger.go:322	[GoAdmin] [0;37;44m 200 [0m [0;37;104m POST   [0m /admin/edit/shareholder_loan_contract
2020-08-13T00:01:36.762+0800	logger/logger.go:322	[GoAdmin] [0;37;44m 200 [0m [0;37;104m GET   [0m /admin/info/shareholder_loan_contract/edit
2020-08-13T00:08:20.324+0800	logger/logger.go:322	[GoAdmin] [0;37;44m 200 [0m [0;37;104m GET   [0m /admin/info/shareholder_loan_contract
2020-08-13T00:08:23.047+0800	logger/logger.go:322	[GoAdmin] [0;37;44m 200 [0m [0;37;104m GET   [0m /admin/info/shareholder_loan_contract/edit
2020-08-13T00:08:29.146+0800	logger/logger.go:322	[GoAdmin] [0;37;44m 200 [0m [0;37;104m POST   [0m /admin/edit/shareholder_loan_contract
2020-08-13T00:11:20.688+0800	logger/logger.go:322	[GoAdmin] [0;37;44m 200 [0m [0;37;104m GET   [0m /admin/info/shareholder_loan_contract
2020-08-13T00:11:25.392+0800	logger/logger.go:322	[GoAdmin] [0;37;44m 200 [0m [0;37;104m GET   [0m /admin/info/shareholder_loan_contract/edit
2020-08-13T00:11:33.094+0800	logger/logger.go:322	[GoAdmin] [0;37;44m 200 [0m [0;37;104m POST   [0m /admin/edit/shareholder_loan_contract
2020-08-13T00:11:55.805+0800	logger/logger.go:322	[GoAdmin] [0;37;44m 200 [0m [0;37;104m GET   [0m /admin/info/shareholder_loan_contract/edit
2020-08-13T00:12:03.086+0800	logger/logger.go:322	[GoAdmin] [0;37;44m 200 [0m [0;37;104m POST   [0m /admin/edit/shareholder_loan_contract
2020-08-13T00:14:04.991+0800	logger/logger.go:322	[GoAdmin] [0;37;44m 200 [0m [0;37;104m GET   [0m /admin/info/shareholder_loan_contract
2020-08-13T00:14:07.911+0800	logger/logger.go:322	[GoAdmin] [0;37;44m 200 [0m [0;37;104m GET   [0m /admin/info/shareholder_loan_contract/edit
2020-08-13T00:14:16.271+0800	logger/logger.go:322	[GoAdmin] [0;37;44m 200 [0m [0;37;104m POST   [0m /admin/edit/shareholder_loan_contract
2020-08-13T00:19:20.921+0800	logger/logger.go:322	[GoAdmin] [0;37;44m 200 [0m [0;37;104m GET   [0m /admin/info/shareholder_loan_contract/edit
2020-08-13T00:19:28.748+0800	logger/logger.go:322	[GoAdmin] [0;37;44m 200 [0m [0;37;104m POST   [0m /admin/edit/shareholder_loan_contract
2020-08-13T00:21:30.140+0800	logger/logger.go:322	[GoAdmin] [0;37;44m 200 [0m [0;37;104m GET   [0m /admin/info/shareholder_loan_contract/edit
2020-08-13T00:21:35.934+0800	logger/logger.go:322	[GoAdmin] [0;37;44m 200 [0m [0;37;104m POST   [0m /admin/edit/shareholder_loan_contract
2020-08-13T00:24:52.815+0800	logger/logger.go:322	[GoAdmin] [0;37;44m 200 [0m [0;37;104m GET   [0m /admin/info/shareholder_loan_contract
2020-08-13T00:24:55.468+0800	logger/logger.go:322	[GoAdmin] [0;37;44m 200 [0m [0;37;104m GET   [0m /admin/info/shareholder_loan_contract/edit
2020-08-13T00:25:00.677+0800	logger/logger.go:322	[GoAdmin] [0;37;44m 200 [0m [0;37;104m POST   [0m /admin/edit/shareholder_loan_contract
2020-08-13T00:26:17.215+0800	logger/logger.go:322	[GoAdmin] [0;37;44m 200 [0m [0;37;104m GET   [0m /admin/info/shareholder_loan_contract/edit
2020-08-13T00:26:24.996+0800	logger/logger.go:322	[GoAdmin] [0;37;44m 200 [0m [0;37;104m POST   [0m /admin/edit/shareholder_loan_contract
2020-08-13T00:28:58.420+0800	logger/logger.go:322	[GoAdmin] [0;37;44m 200 [0m [0;37;104m GET   [0m /admin/info/shareholder_loan_contract/edit
2020-08-13T00:29:04.495+0800	logger/logger.go:322	[GoAdmin] [0;37;44m 200 [0m [0;37;104m POST   [0m /admin/edit/shareholder_loan_contract
2020-08-13T00:39:37.542+0800	logger/logger.go:322	[GoAdmin] [0;37;44m 200 [0m [0;37;104m GET   [0m /admin/info/shareholder_loan_contract
2020-08-13T00:39:40.118+0800	logger/logger.go:322	[GoAdmin] [0;37;44m 200 [0m [0;37;104m GET   [0m /admin/info/shareholder_loan_contract/edit
2020-08-13T00:39:50.537+0800	logger/logger.go:322	[GoAdmin] [0;37;44m 200 [0m [0;37;104m POST   [0m /admin/edit/shareholder_loan_contract
2020-08-13T00:44:19.529+0800	logger/logger.go:322	[GoAdmin] [0;37;44m 200 [0m [0;37;104m GET   [0m /admin/info/shareholder_loan_contract
2020-08-13T00:44:22.559+0800	logger/logger.go:322	[GoAdmin] [0;37;44m 200 [0m [0;37;104m GET   [0m /admin/info/shareholder_loan_contract/edit
2020-08-13T00:44:33.501+0800	logger/logger.go:322	[GoAdmin] [0;37;44m 200 [0m [0;37;104m POST   [0m /admin/edit/shareholder_loan_contract
2020-08-13T09:46:53.514+0800	logger/logger.go:322	[GoAdmin] [0;37;44m 302 [0m [0;37;104m GET   [0m /admin/info/lessee_info
2020-08-13T09:46:53.580+0800	logger/logger.go:322	[GoAdmin] [0;37;44m 200 [0m [0;37;104m GET   [0m /admin/login
2020-08-13T09:46:53.841+0800	logger/logger.go:322	[GoAdmin] [0;37;44m 200 [0m [0;37;104m GET   [0m /admin/assets/login/dist/all.min.js
2020-08-13T09:46:53.842+0800	logger/logger.go:322	[GoAdmin] [0;37;44m 200 [0m [0;37;104m GET   [0m /admin/assets/login/dist/all.min.css
2020-08-13T09:46:57.200+0800	logger/logger.go:322	[GoAdmin] [0;37;44m 200 [0m [0;37;104m POST   [0m /admin/signin
2020-08-13T09:46:57.561+0800	logger/logger.go:322	[GoAdmin] [0;37;44m 200 [0m [0;37;104m GET   [0m /admin/assets/dist/css/all.min.7bcc29700e.css
2020-08-13T09:46:57.572+0800	logger/logger.go:322	[GoAdmin] [0;37;44m 200 [0m [0;37;104m GET   [0m /admin/assets/dist/js/all.min.8425540791.js
2020-08-13T09:46:57.978+0800	logger/logger.go:322	[GoAdmin] [0;37;44m 200 [0m [0;37;104m GET   [0m /admin/assets/dist/js/tree.min.e1faf8b7de.js
2020-08-13T09:46:58.016+0800	logger/logger.go:322	[GoAdmin] [0;37;44m 200 [0m [0;37;104m GET   [0m /admin/assets/dist/js/treeview.min.7780d3bb0f.js
2020-08-13T09:46:58.152+0800	logger/logger.go:322	[GoAdmin] [0;37;44m 200 [0m [0;37;104m GET   [0m /admin/assets/dist/js/datatable.min.581cdc109b.js
2020-08-13T09:46:58.167+0800	logger/logger.go:322	[GoAdmin] [0;37;44m 200 [0m [0;37;104m GET   [0m /admin/assets/dist/img/avatar04.png
2020-08-13T09:46:58.177+0800	logger/logger.go:322	[GoAdmin] [0;37;44m 200 [0m [0;37;104m GET   [0m /admin/assets/dist/js/all_2.min.38a2a946b0.js
2020-08-13T09:46:58.179+0800	logger/logger.go:322	[GoAdmin] [0;37;44m 200 [0m [0;37;104m GET   [0m /admin/assets/chart.min.js
2020-08-13T09:46:58.190+0800	logger/logger.go:322	[GoAdmin] [0;37;44m 200 [0m [0;37;104m GET   [0m /admin/assets/dist/fonts/fontawesome-webfont.woff2
2020-08-13T09:46:58.251+0800	logger/logger.go:322	[GoAdmin] [0;37;44m 200 [0m [0;37;104m GET   [0m /admin/assets/dist/js/form.min.f8678914e9.js
2020-08-13T09:46:58.269+0800	logger/logger.go:322	[GoAdmin] [0;37;44m 200 [0m [0;37;104m GET   [0m /admin/assets/dist/css/fonts/6xK3dSBYKcSV-LCoeQqfX1RYOo3qOK7g.ttf
2020-08-13T09:46:59.306+0800	logger/logger.go:322	[GoAdmin] [0;37;44m 200 [0m [0;37;104m GET   [0m /admin/assets/dist/css/fonts/6xKydSBYKcSV-LCoeQqfX1RYOo3i54rwlxdr.ttf
2020-08-13T09:46:59.312+0800	logger/logger.go:322	[GoAdmin] [0;37;44m 200 [0m [0;37;104m GET   [0m /admin/assets/dist/css/fonts/6xKydSBYKcSV-LCoeQqfX1RYOo3ik4zwlxdr.ttf
2020-08-13T09:46:59.314+0800	logger/logger.go:322	[GoAdmin] [0;37;44m 200 [0m [0;37;104m GET   [0m /admin/assets/dist/css/fonts/6xKydSBYKcSV-LCoeQqfX1RYOo3ig4vwlxdr.ttf
2020-08-13T09:46:59.325+0800	logger/logger.go:322	[GoAdmin] [0;37;44m 200 [0m [0;37;104m GET   [0m /admin/assets/dist/fonts/ionicons.ttf
2020-08-13T09:47:00.753+0800	logger/logger.go:322	[GoAdmin] [0;37;44m 200 [0m [0;37;104m GET   [0m /admin/info/shareholder_loan_contract
2020-08-13T09:47:00.950+0800	logger/logger.go:322	[GoAdmin] [0;37;44m 200 [0m [0;37;104m GET   [0m /admin/assets/dist/css/blue.png
2020-08-13T09:47:03.022+0800	logger/logger.go:322	[GoAdmin] [0;37;44m 200 [0m [0;37;104m GET   [0m /admin/info/shareholder_loan_contract/edit
2020-08-13T09:47:08.414+0800	logger/logger.go:322	[GoAdmin] [0;37;44m 200 [0m [0;37;104m POST   [0m /admin/edit/shareholder_loan_contract
2020-08-13T09:54:20.486+0800	logger/logger.go:322	[GoAdmin] [0;37;44m 200 [0m [0;37;104m GET   [0m /admin/info/shareholder_loan_contract/edit
2020-08-13T09:56:19.988+0800	logger/logger.go:322	[GoAdmin] [0;37;44m 200 [0m [0;37;104m GET   [0m /admin/info/shareholder_loan_contract
2020-08-13T09:56:22.288+0800	logger/logger.go:322	[GoAdmin] [0;37;44m 200 [0m [0;37;104m GET   [0m /admin/info/shareholder_loan_contract/edit
2020-08-13T09:58:28.006+0800	logger/logger.go:322	[GoAdmin] [0;37;44m 200 [0m [0;37;104m GET   [0m /admin/info/shareholder_loan_contract/edit
2020-08-13T10:02:33.552+0800	logger/logger.go:322	[GoAdmin] [0;37;44m 200 [0m [0;37;104m GET   [0m /admin/info/shareholder_loan_contract/edit
2020-08-13T10:02:47.727+0800	logger/logger.go:322	[GoAdmin] [0;37;44m 200 [0m [0;37;104m GET   [0m /admin/info/shareholder_loan_contract
2020-08-13T10:02:49.528+0800	logger/logger.go:322	[GoAdmin] [0;37;44m 200 [0m [0;37;104m GET   [0m /admin/info/shareholder_loan_contract/edit
2020-08-14T20:09:04.152+0800	logger/logger.go:322	[GoAdmin] [0;37;44m 200 [0m [0;37;104m GET   [0m /admin/login
2020-08-14T20:09:08.460+0800	logger/logger.go:322	[GoAdmin] [0;37;44m 200 [0m [0;37;104m POST   [0m /admin/signin
2020-08-14T20:09:11.633+0800	logger/logger.go:322	[GoAdmin] [0;37;44m 200 [0m [0;37;104m GET   [0m /admin/info/shareholder_loan_contract
2020-08-14T20:09:13.487+0800	logger/logger.go:322	[GoAdmin] [0;37;44m 200 [0m [0;37;104m GET   [0m /admin/info/shareholder_loan_contract/edit
2020-08-14T20:09:26.170+0800	logger/logger.go:322	[GoAdmin] [0;37;44m 200 [0m [0;37;104m POST   [0m /admin/edit/shareholder_loan_contract
2020-08-14T20:27:23.492+0800	logger/logger.go:322	[GoAdmin] [0;37;44m 200 [0m [0;37;104m GET   [0m /admin/info/shareholder_loan_contract
2020-08-14T21:33:36.697+0800	logger/logger.go:322	[GoAdmin] [0;37;44m 200 [0m [0;37;104m GET   [0m /admin/login
2020-08-14T21:33:41.842+0800	logger/logger.go:322	[GoAdmin] [0;37;44m 200 [0m [0;37;104m POST   [0m /admin/signin
2020-08-14T21:33:45.124+0800	logger/logger.go:322	[GoAdmin] [0;37;44m 200 [0m [0;37;104m GET   [0m /admin/info/shareholder_loan_contract
2020-08-14T21:33:47.774+0800	logger/logger.go:322	[GoAdmin] [0;37;44m 200 [0m [0;37;104m GET   [0m /admin/info/shareholder_loan_contract/edit
2020-08-14T21:33:53.586+0800	logger/logger.go:322	[GoAdmin] [0;37;44m 200 [0m [0;37;104m POST   [0m /admin/edit/shareholder_loan_contract
2020-08-14T21:36:46.146+0800	logger/logger.go:322	[GoAdmin] [0;37;44m 200 [0m [0;37;104m GET   [0m /admin/info/shareholder_loan_contract/edit
2020-08-14T21:37:47.991+0800	logger/logger.go:322	[GoAdmin] [0;37;44m 200 [0m [0;37;104m GET   [0m /admin/info/shareholder_loan_contract
2020-08-14T23:34:14.994+0800	logger/logger.go:322	[GoAdmin] [0;37;44m 302 [0m [0;37;104m GET   [0m /admin/info/shareholder_loan_contract/edit
2020-08-14T23:34:15.018+0800	logger/logger.go:322	[GoAdmin] [0;37;44m 200 [0m [0;37;104m GET   [0m /admin/login
2020-08-14T23:34:23.783+0800	logger/logger.go:322	[GoAdmin] [0;37;44m 200 [0m [0;37;104m POST   [0m /admin/signin
2020-08-14T23:34:26.916+0800	logger/logger.go:322	[GoAdmin] [0;37;44m 200 [0m [0;37;104m GET   [0m /admin/info/shareholder_loan_contract
2020-08-14T23:57:41.083+0800	logger/logger.go:322	[GoAdmin] [0;37;44m 200 [0m [0;37;104m GET   [0m /admin/info/shareholder_loan_contract/edit
2020-08-15T00:31:42.897+0800	logger/logger.go:322	[GoAdmin] [0;37;44m 200 [0m [0;37;104m GET   [0m /admin/info/shareholder_loan_contract
2020-08-15T00:31:46.285+0800	logger/logger.go:322	[GoAdmin] [0;37;44m 200 [0m [0;37;104m GET   [0m /admin/info/shareholder_loan_contract/edit
2020-08-15T00:31:46.446+0800	logger/logger.go:322	[GoAdmin] [0;37;44m 200 [0m [0;37;104m GET   [0m /admin/info/shareholder_loan_contract/edit
2020-08-15T00:32:15.258+0800	logger/logger.go:322	[GoAdmin] [0;37;44m 200 [0m [0;37;104m GET   [0m /admin/info/shareholder_loan_contract/edit
2020-08-15T00:32:39.955+0800	logger/logger.go:322	[GoAdmin] [0;37;44m 200 [0m [0;37;104m POST   [0m /admin/edit/shareholder_loan_contract
2020-08-15T00:36:04.801+0800	logger/logger.go:322	[GoAdmin] [0;37;44m 200 [0m [0;37;104m GET   [0m /admin/info/shareholder_loan_contract/edit
2020-08-15T00:36:04.956+0800	logger/logger.go:322	[GoAdmin] [0;37;44m 200 [0m [0;37;104m GET   [0m /admin/info/shareholder_loan_contract/edit
2020-08-15T00:38:01.029+0800	logger/logger.go:322	[GoAdmin] [0;37;44m 200 [0m [0;37;104m GET   [0m /admin/info/shareholder_loan_contract/edit
2020-08-15T00:44:22.515+0800	logger/logger.go:322	[GoAdmin] [0;37;44m 200 [0m [0;37;104m GET   [0m /admin/info/shareholder_loan_contract/edit
2020-08-15T00:44:25.024+0800	logger/logger.go:322	[GoAdmin] [0;37;44m 200 [0m [0;37;104m GET   [0m /admin/info/shareholder_loan_contract/edit
2020-08-15T00:47:24.977+0800	logger/logger.go:322	[GoAdmin] [0;37;44m 200 [0m [0;37;104m GET   [0m /admin/login
2020-08-15T00:47:30.297+0800	logger/logger.go:322	[GoAdmin] [0;37;44m 200 [0m [0;37;104m POST   [0m /admin/signin
2020-08-15T00:47:33.285+0800	logger/logger.go:322	[GoAdmin] [0;37;44m 200 [0m [0;37;104m GET   [0m /admin/info/shareholder_loan_contract
2020-08-15T00:47:36.777+0800	logger/logger.go:322	[GoAdmin] [0;37;44m 200 [0m [0;37;104m GET   [0m /admin/info/shareholder_loan_contract/edit
2020-08-15T00:47:40.624+0800	logger/logger.go:322	[GoAdmin] [0;37;44m 200 [0m [0;37;104m GET   [0m /admin/info/shareholder_loan_contract
2020-08-15T00:47:43.665+0800	logger/logger.go:322	[GoAdmin] [0;37;44m 200 [0m [0;37;104m GET   [0m /admin/info/shareholder_loan_contract/edit
2020-08-15T00:47:43.823+0800	logger/logger.go:322	[GoAdmin] [0;37;44m 200 [0m [0;37;104m GET   [0m /admin/info/shareholder_loan_contract/edit
2020-08-15T00:59:08.002+0800	logger/logger.go:322	[GoAdmin] [0;37;44m 200 [0m [0;37;104m GET   [0m /admin/info/shareholder_loan_contract/edit
2020-08-15T00:59:12.196+0800	logger/logger.go:322	[GoAdmin] [0;37;44m 200 [0m [0;37;104m GET   [0m /admin/info/shareholder_loan_contract/edit
2020-08-15T01:11:48.111+0800	logger/logger.go:322	[GoAdmin] [0;37;44m 200 [0m [0;37;104m GET   [0m /admin/info/shareholder_loan_contract/edit
2020-08-15T01:12:49.322+0800	logger/logger.go:322	[GoAdmin] [0;37;44m 200 [0m [0;37;104m GET   [0m /admin/info/shareholder_loan_contract/edit
2020-08-15T01:17:19.494+0800	logger/logger.go:322	[GoAdmin] [0;37;44m 200 [0m [0;37;104m GET   [0m /admin/info/shareholder_loan_contract/edit
2020-08-15T01:17:25.489+0800	logger/logger.go:322	[GoAdmin] [0;37;44m 200 [0m [0;37;104m GET   [0m /admin/info/shareholder_loan_contract
2020-08-15T01:17:28.717+0800	logger/logger.go:322	[GoAdmin] [0;37;44m 200 [0m [0;37;104m GET   [0m /admin/info/shareholder_loan_contract/edit
2020-08-15T01:17:38.167+0800	logger/logger.go:322	[GoAdmin] [0;37;44m 200 [0m [0;37;104m GET   [0m /admin/info/shareholder_loan_contract
2020-08-15T01:17:41.961+0800	logger/logger.go:322	[GoAdmin] [0;37;44m 200 [0m [0;37;104m GET   [0m /admin/info/shareholder_loan_contract/edit
2020-08-15T01:17:44.375+0800	logger/logger.go:322	[GoAdmin] [0;37;44m 200 [0m [0;37;104m GET   [0m /admin/info/shareholder_loan_contract
2020-08-15T01:17:46.982+0800	logger/logger.go:322	[GoAdmin] [0;37;44m 200 [0m [0;37;104m GET   [0m /admin/info/shareholder_loan_contract/edit
2020-08-15T01:21:10.910+0800	logger/logger.go:322	[GoAdmin] [0;37;44m 200 [0m [0;37;104m GET   [0m /admin/info/shareholder_loan_contract/edit
2020-08-15T01:21:21.378+0800	logger/logger.go:322	[GoAdmin] [0;37;44m 200 [0m [0;37;104m GET   [0m /admin/info/shareholder_loan_contract
2020-08-15T01:39:09.839+0800	logger/logger.go:322	[GoAdmin] [0;37;44m 200 [0m [0;37;104m GET   [0m /admin/info/shareholder_loan_contract/edit
2020-08-15T01:39:24.538+0800	logger/logger.go:322	[GoAdmin] [0;37;44m 200 [0m [0;37;104m GET   [0m /admin/login
2020-08-15T01:39:29.577+0800	logger/logger.go:322	[GoAdmin] [0;37;44m 200 [0m [0;37;104m POST   [0m /admin/signin
2020-08-15T01:39:32.109+0800	logger/logger.go:322	[GoAdmin] [0;37;44m 200 [0m [0;37;104m GET   [0m /admin/info/shareholder_loan_contract
2020-08-15T01:39:34.882+0800	logger/logger.go:322	[GoAdmin] [0;37;44m 200 [0m [0;37;104m GET   [0m /admin/info/shareholder_loan_contract/edit
2020-08-15T01:39:38.356+0800	logger/logger.go:322	[GoAdmin] [0;37;44m 200 [0m [0;37;104m GET   [0m /admin/info/shareholder_loan_contract
2020-08-15T01:39:40.807+0800	logger/logger.go:322	[GoAdmin] [0;37;44m 200 [0m [0;37;104m GET   [0m /admin/info/shareholder_loan_contract/edit
2020-08-15T01:39:40.952+0800	logger/logger.go:322	[GoAdmin] [0;37;44m 200 [0m [0;37;104m GET   [0m /admin/info/shareholder_loan_contract/edit
2020-08-15T01:55:25.986+0800	logger/logger.go:322	[GoAdmin] [0;37;44m 200 [0m [0;37;104m GET   [0m /admin/info/shareholder_loan_contract/edit
2020-08-15T01:55:32.718+0800	logger/logger.go:322	[GoAdmin] [0;37;44m 200 [0m [0;37;104m GET   [0m /admin/info/shareholder_loan_contract/edit
2020-08-15T01:55:49.609+0800	logger/logger.go:322	[GoAdmin] [0;37;44m 200 [0m [0;37;104m GET   [0m /admin/login
2020-08-15T01:55:53.719+0800	logger/logger.go:322	[GoAdmin] [0;37;44m 200 [0m [0;37;104m POST   [0m /admin/signin
2020-08-15T01:55:57.543+0800	logger/logger.go:322	[GoAdmin] [0;37;44m 200 [0m [0;37;104m GET   [0m /admin/info/shareholder_loan_contract
2020-08-15T01:56:00.090+0800	logger/logger.go:322	[GoAdmin] [0;37;44m 200 [0m [0;37;104m GET   [0m /admin/info/shareholder_loan_contract/edit
2020-08-15T01:56:02.168+0800	logger/logger.go:322	[GoAdmin] [0;37;44m 200 [0m [0;37;104m GET   [0m /admin/info/shareholder_loan_contract
2020-08-15T01:56:08.814+0800	logger/logger.go:322	[GoAdmin] [0;37;44m 200 [0m [0;37;104m GET   [0m /admin/info/shareholder_loan_contract/edit
2020-08-15T01:56:09.014+0800	logger/logger.go:322	[GoAdmin] [0;37;44m 200 [0m [0;37;104m GET   [0m /admin/info/shareholder_loan_contract/edit
2020-08-15T01:56:13.549+0800	logger/logger.go:322	[GoAdmin] [0;37;44m 200 [0m [0;37;104m GET   [0m /admin/info/shareholder_loan_contract
2020-08-15T01:56:17.011+0800	logger/logger.go:322	[GoAdmin] [0;37;44m 200 [0m [0;37;104m GET   [0m /admin/info/shareholder_loan_contract/edit
2020-08-15T01:56:19.755+0800	logger/logger.go:322	[GoAdmin] [0;37;44m 200 [0m [0;37;104m GET   [0m /admin/info/shareholder_loan_contract
