2020-08-12T23:47:36.144+0800	[34mINFO[0m	logger/logger.go:257	=====> 初始化数据库连接
2020-08-12T23:47:36.154+0800	[34mINFO[0m	logger/logger.go:257	=====> 初始化配置
2020-08-12T23:47:36.164+0800	[34mINFO[0m	logger/logger.go:257	=====> 初始化错误代码
2020-08-12T23:47:36.165+0800	[34mINFO[0m	logger/logger.go:257	=====> 初始化导航栏按钮
2020-08-12T23:47:36.171+0800	[34mINFO[0m	logger/logger.go:257	=====> 初始化插件
2020-08-12T23:50:38.183+0800	[34mINFO[0m	logger/logger.go:257	=====> 初始化数据库连接
2020-08-12T23:50:38.190+0800	[34mINFO[0m	logger/logger.go:257	=====> 初始化配置
2020-08-12T23:50:38.199+0800	[34mINFO[0m	logger/logger.go:257	=====> 初始化错误代码
2020-08-12T23:50:38.200+0800	[34mINFO[0m	logger/logger.go:257	=====> 初始化导航栏按钮
2020-08-12T23:50:38.200+0800	[34mINFO[0m	logger/logger.go:257	=====> 初始化插件
2020-08-12T23:53:58.652+0800	[34mINFO[0m	logger/logger.go:257	=====> 初始化数据库连接
2020-08-12T23:53:58.664+0800	[34mINFO[0m	logger/logger.go:257	=====> 初始化配置
2020-08-12T23:53:58.677+0800	[34mINFO[0m	logger/logger.go:257	=====> 初始化错误代码
2020-08-12T23:53:58.677+0800	[34mINFO[0m	logger/logger.go:257	=====> 初始化导航栏按钮
2020-08-12T23:53:58.677+0800	[34mINFO[0m	logger/logger.go:257	=====> 初始化插件
2020-08-12T23:58:18.042+0800	[34mINFO[0m	logger/logger.go:257	=====> 初始化数据库连接
2020-08-12T23:58:18.051+0800	[34mINFO[0m	logger/logger.go:257	=====> 初始化配置
2020-08-12T23:58:18.065+0800	[34mINFO[0m	logger/logger.go:257	=====> 初始化错误代码
2020-08-12T23:58:18.067+0800	[34mINFO[0m	logger/logger.go:257	=====> 初始化导航栏按钮
2020-08-12T23:58:18.068+0800	[34mINFO[0m	logger/logger.go:257	=====> 初始化插件
2020-08-13T00:00:59.689+0800	[34mINFO[0m	logger/logger.go:257	=====> 初始化数据库连接
2020-08-13T00:00:59.697+0800	[34mINFO[0m	logger/logger.go:257	=====> 初始化配置
2020-08-13T00:00:59.707+0800	[34mINFO[0m	logger/logger.go:257	=====> 初始化错误代码
2020-08-13T00:00:59.708+0800	[34mINFO[0m	logger/logger.go:257	=====> 初始化导航栏按钮
2020-08-13T00:00:59.708+0800	[34mINFO[0m	logger/logger.go:257	=====> 初始化插件
2020-08-13T00:08:04.772+0800	[34mINFO[0m	logger/logger.go:257	=====> 初始化数据库连接
2020-08-13T00:08:04.780+0800	[34mINFO[0m	logger/logger.go:257	=====> 初始化配置
2020-08-13T00:08:04.790+0800	[34mINFO[0m	logger/logger.go:257	=====> 初始化错误代码
2020-08-13T00:08:04.792+0800	[34mINFO[0m	logger/logger.go:257	=====> 初始化导航栏按钮
2020-08-13T00:08:04.792+0800	[34mINFO[0m	logger/logger.go:257	=====> 初始化插件
2020-08-13T00:11:20.326+0800	[34mINFO[0m	logger/logger.go:257	=====> 初始化数据库连接
2020-08-13T00:11:20.335+0800	[34mINFO[0m	logger/logger.go:257	=====> 初始化配置
2020-08-13T00:11:20.348+0800	[34mINFO[0m	logger/logger.go:257	=====> 初始化错误代码
2020-08-13T00:11:20.348+0800	[34mINFO[0m	logger/logger.go:257	=====> 初始化导航栏按钮
2020-08-13T00:11:20.349+0800	[34mINFO[0m	logger/logger.go:257	=====> 初始化插件
2020-08-13T00:13:59.722+0800	[34mINFO[0m	logger/logger.go:257	=====> 初始化数据库连接
2020-08-13T00:13:59.729+0800	[34mINFO[0m	logger/logger.go:257	=====> 初始化配置
2020-08-13T00:13:59.740+0800	[34mINFO[0m	logger/logger.go:257	=====> 初始化错误代码
2020-08-13T00:13:59.741+0800	[34mINFO[0m	logger/logger.go:257	=====> 初始化导航栏按钮
2020-08-13T00:13:59.743+0800	[34mINFO[0m	logger/logger.go:257	=====> 初始化插件
2020-08-13T00:19:17.129+0800	[34mINFO[0m	logger/logger.go:257	=====> 初始化数据库连接
2020-08-13T00:19:17.138+0800	[34mINFO[0m	logger/logger.go:257	=====> 初始化配置
2020-08-13T00:19:17.149+0800	[34mINFO[0m	logger/logger.go:257	=====> 初始化错误代码
2020-08-13T00:19:17.150+0800	[34mINFO[0m	logger/logger.go:257	=====> 初始化导航栏按钮
2020-08-13T00:19:17.151+0800	[34mINFO[0m	logger/logger.go:257	=====> 初始化插件
2020-08-13T00:21:24.777+0800	[34mINFO[0m	logger/logger.go:257	=====> 初始化数据库连接
2020-08-13T00:21:24.785+0800	[34mINFO[0m	logger/logger.go:257	=====> 初始化配置
2020-08-13T00:21:24.795+0800	[34mINFO[0m	logger/logger.go:257	=====> 初始化错误代码
2020-08-13T00:21:24.796+0800	[34mINFO[0m	logger/logger.go:257	=====> 初始化导航栏按钮
2020-08-13T00:21:24.797+0800	[34mINFO[0m	logger/logger.go:257	=====> 初始化插件
2020-08-13T00:24:44.403+0800	[34mINFO[0m	logger/logger.go:257	=====> 初始化数据库连接
2020-08-13T00:24:44.411+0800	[34mINFO[0m	logger/logger.go:257	=====> 初始化配置
2020-08-13T00:24:44.420+0800	[34mINFO[0m	logger/logger.go:257	=====> 初始化错误代码
2020-08-13T00:24:44.420+0800	[34mINFO[0m	logger/logger.go:257	=====> 初始化导航栏按钮
2020-08-13T00:24:44.420+0800	[34mINFO[0m	logger/logger.go:257	=====> 初始化插件
2020-08-13T00:26:03.935+0800	[34mINFO[0m	logger/logger.go:257	=====> 初始化数据库连接
2020-08-13T00:26:03.943+0800	[34mINFO[0m	logger/logger.go:257	=====> 初始化配置
2020-08-13T00:26:03.952+0800	[34mINFO[0m	logger/logger.go:257	=====> 初始化错误代码
2020-08-13T00:26:03.952+0800	[34mINFO[0m	logger/logger.go:257	=====> 初始化导航栏按钮
2020-08-13T00:26:03.953+0800	[34mINFO[0m	logger/logger.go:257	=====> 初始化插件
2020-08-13T00:28:50.668+0800	[34mINFO[0m	logger/logger.go:257	=====> 初始化数据库连接
2020-08-13T00:28:50.675+0800	[34mINFO[0m	logger/logger.go:257	=====> 初始化配置
2020-08-13T00:28:50.684+0800	[34mINFO[0m	logger/logger.go:257	=====> 初始化错误代码
2020-08-13T00:28:50.686+0800	[34mINFO[0m	logger/logger.go:257	=====> 初始化导航栏按钮
2020-08-13T00:28:50.689+0800	[34mINFO[0m	logger/logger.go:257	=====> 初始化插件
2020-08-13T00:39:33.839+0800	[34mINFO[0m	logger/logger.go:257	=====> 初始化数据库连接
2020-08-13T00:39:33.846+0800	[34mINFO[0m	logger/logger.go:257	=====> 初始化配置
2020-08-13T00:39:33.855+0800	[34mINFO[0m	logger/logger.go:257	=====> 初始化错误代码
2020-08-13T00:39:33.857+0800	[34mINFO[0m	logger/logger.go:257	=====> 初始化导航栏按钮
2020-08-13T00:39:33.858+0800	[34mINFO[0m	logger/logger.go:257	=====> 初始化插件
2020-08-13T00:44:19.240+0800	[34mINFO[0m	logger/logger.go:257	=====> 初始化数据库连接
2020-08-13T00:44:19.248+0800	[34mINFO[0m	logger/logger.go:257	=====> 初始化配置
2020-08-13T00:44:19.258+0800	[34mINFO[0m	logger/logger.go:257	=====> 初始化错误代码
2020-08-13T00:44:19.258+0800	[34mINFO[0m	logger/logger.go:257	=====> 初始化导航栏按钮
2020-08-13T00:44:19.259+0800	[34mINFO[0m	logger/logger.go:257	=====> 初始化插件
